<?xml version="1.0" encoding="UTF-8"?>
<testsuite xmlns:xsi="http://www.w3.org/2001/XMLSchema-instance" xsi:noNamespaceSchemaLocation="https://maven.apache.org/surefire/maven-surefire-plugin/xsd/surefire-test-report.xsd" version="3.0.2" name="com.omi.ClgProject.ClgProjectApplicationTests" time="13.764" tests="1" errors="0" skipped="0" failures="0">
  <properties>
[...]
</properties>
  <testcase name="contextLoads" classname="com.omi.ClgProject.ClgProjectApplicationTests" time="0.482">
    <system-out><![CDATA[00:44:48.312 [main] INFO org.springframework.test.context.support.AnnotationConfigContextLoaderUtils -- Could not detect default configuration classes for test class [com.omi.ClgProject.ClgProjectApplicationTests]: ClgProjectApplicationTests does not declare any static, non-private, non-final, nested classes annotated with @Configuration.
00:44:48.553 [main] INFO org.springframework.boot.test.context.SpringBootTestContextBootstrapper -- Found @SpringBootConfiguration com.omi.ClgProject.ClgProjectApplication for test class com.omi.ClgProject.ClgProjectApplicationTests

  .   ____          _            __ _ _
 /\\ / ___'_ __ _ _(_)_ __  __ _ \ \ \ \
( ( )\___ | '_ | '_| | '_ \/ _` | \ \ \ \
 \\/  ___)| |_)| | | | | || (_| |  ) ) ) )
  '  |____| .__|_| |_|_| |_\__, | / / / /
 =========|_|==============|___/=/_/_/_/

 :: Spring Boot ::                (v3.5.6)

2025-11-15T00:44:49.293+05:30  INFO 6536 --- [ClgProject] [           main] c.o.C.ClgProjectApplicationTests         : Starting ClgProjectApplicationTests using Java 21.0.3 with PID 6536 (started by ysr12 in D:\java\ClgProject 2\backend)
2025-11-15T00:44:49.295+05:30  INFO 6536 --- [ClgProject] [           main] c.o.C.ClgProjectApplicationTests         : No active profile set, falling back to 1 default profile: "default"
2025-11-15T00:44:50.660+05:30  INFO 6536 --- [ClgProject] [           main] .s.d.r.c.RepositoryConfigurationDelegate : Bootstrapping Spring Data JPA repositories in DEFAULT mode.
2025-11-15T00:44:50.950+05:30  INFO 6536 --- [ClgProject] [           main] .s.d.r.c.RepositoryConfigurationDelegate : Finished Spring Data repository scanning in 263 ms. Found 2 JPA repository interfaces.
2025-11-15T00:44:51.905+05:30  INFO 6536 --- [ClgProject] [           main] o.hibernate.jpa.internal.util.LogHelper  : HHH000204: Processing PersistenceUnitInfo [name: default]
2025-11-15T00:44:52.095+05:30  INFO 6536 --- [ClgProject] [           main] org.hibernate.Version                    : HHH000412: Hibernate ORM core version 6.6.29.Final
2025-11-15T00:44:52.170+05:30  INFO 6536 --- [ClgProject] [           main] o.h.c.internal.RegionFactoryInitiator    : HHH000026: Second-level cache disabled
2025-11-15T00:44:52.865+05:30  INFO 6536 --- [ClgProject] [           main] o.s.o.j.p.SpringPersistenceUnitInfo      : No LoadTimeWeaver setup: ignoring JPA class transformer
2025-11-15T00:44:52.917+05:30  INFO 6536 --- [ClgProject] [           main] com.zaxxer.hikari.HikariDataSource       : HikariPool-1 - Starting...
2025-11-15T00:44:54.624+05:30  INFO 6536 --- [ClgProject] [           main] com.zaxxer.hikari.pool.HikariPool        : HikariPool-1 - Added connection org.postgresql.jdbc.PgConnection@5b59c3d
2025-11-15T00:44:54.626+05:30  INFO 6536 --- [ClgProject] [           main] com.zaxxer.hikari.HikariDataSource       : HikariPool-1 - Start completed.
2025-11-15T00:44:55.226+05:30  INFO 6536 --- [ClgProject] [           main] org.hibernate.orm.connections.pooling    : HHH10001005: Database info:
	Database JDBC URL [Connecting through datasource 'HikariDataSource (HikariPool-1)']
	Database driver: undefined/unknown
	Database version: 17.5
	Autocommit mode: undefined/unknown
	Isolation level: undefined/unknown
	Minimum pool size: undefined/unknown
	Maximum pool size: undefined/unknown
2025-11-15T00:44:56.459+05:30  INFO 6536 --- [ClgProject] [           main] o.h.e.t.j.p.i.JtaPlatformInitiator       : HHH000489: No JTA platform available (set 'hibernate.transaction.jta.platform' to enable JTA platform integration)
2025-11-15T00:44:56.894+05:30  INFO 6536 --- [ClgProject] [           main] j.LocalContainerEntityManagerFactoryBean : Initialized JPA EntityManagerFactory for persistence unit 'default'
2025-11-15T00:45:00.389+05:30  WARN 6536 --- [ClgProject] [           main] JpaBaseConfiguration$JpaWebConfiguration : spring.jpa.open-in-view is enabled by default. Therefore, database queries may be performed during view rendering. Explicitly configure spring.jpa.open-in-view to disable this warning
2025-11-15T00:45:01.305+05:30  INFO 6536 --- [ClgProject] [           main] c.o.C.ClgProjectApplicationTests         : Started ClgProjectApplicationTests in 12.454 seconds (process running for 14.109)
]]></system-out>
    <system-err><![CDATA[Mockito is currently self-attaching to enable the inline-mock-maker. This will no longer work in future releases of the JDK. Please add Mockito as an agent to your build as described in Mockito's documentation: https://javadoc.io/doc/org.mockito/mockito-core/latest/org.mockito/org/mockito/Mockito.html#0.3
WARNING: A Java agent has been loaded dynamically (C:\Users\ysr12\.m2\repository\net\bytebuddy\byte-buddy-agent\1.17.7\byte-buddy-agent-1.17.7.jar)
WARNING: If a serviceability tool is in use, please run with -XX:+EnableDynamicAgentLoading to hide this warning
WARNING: If a serviceability tool is not in use, please run with -Djdk.instrument.traceUsage for more information
WARNING: Dynamic loading of agents will be disallowed by default in a future release
]]></system-err>
  </testcase>
</testsuite>